# JRE version: Java(TM) SE Runtime Environment (8.0_161-b12) (build 1.8.0_161-b12)
# Java VM: Java HotSpot(TM) 64-Bit Server VM (25.161-b12 mixed mode windows-amd64 compressed oops)
Heap:
 PSYoungGen      total 124928K, used 34283K [0x000000076b300000, 0x0000000775500000, 0x00000007c0000000)
  eden space 103936K, 29% used [0x000000076b300000,0x000000076d0c74d8,0x0000000771880000)
  from space 20992K, 18% used [0x0000000771880000,0x0000000771c338b0,0x0000000772d00000)
  to   space 20480K, 0% used [0x0000000774100000,0x0000000774100000,0x0000000775500000)
 ParOldGen       total 204288K, used 99510K [0x00000006c1800000, 0x00000006cdf80000, 0x000000076b300000)
  object space 204288K, 48% used [0x00000006c1800000,0x00000006c792da00,0x00000006cdf80000)
 Metaspace       used 168794K, capacity 174393K, committed 177024K, reserved 1200128K
  class space    used 25579K, capacity 26737K, committed 27264K, reserved 1048576K
GC Heap History (10 events):
Event: 65899.415 GC heap before
{Heap before GC invocations=604 (full 39):
 PSYoungGen      total 124928K, used 71393K [0x000000076b300000, 0x0000000774300000, 0x00000007c0000000)
  eden space 104448K, 60% used [0x000000076b300000,0x000000076f0d8610,0x0000000771900000)
  from space 20480K, 39% used [0x0000000772f00000,0x00000007736e0000,0x0000000774300000)
  to   space 21504K, 0% used [0x0000000771900000,0x0000000771900000,0x0000000772e00000)
 ParOldGen       total 204288K, used 178491K [0x00000006c1800000, 0x00000006cdf80000, 0x000000076b300000)
  object space 204288K, 87% used [0x00000006c1800000,0x00000006cc64ec98,0x00000006cdf80000)
 Metaspace       used 169604K, capacity 175227K, committed 177024K, reserved 1200128K
  class space    used 25782K, capacity 26932K, committed 27264K, reserved 1048576K
Event: 65899.431 GC heap after
Heap after GC invocations=604 (full 39):
 PSYoungGen      total 111616K, used 7072K [0x000000076b300000, 0x0000000774100000, 0x00000007c0000000)
  eden space 104448K, 0% used [0x000000076b300000,0x000000076b300000,0x0000000771900000)
  from space 7168K, 98% used [0x0000000771900000,0x0000000771fe8000,0x0000000772000000)
  to   space 20480K, 0% used [0x0000000772d00000,0x0000000772d00000,0x0000000774100000)
 ParOldGen       total 204288K, used 178579K [0x00000006c1800000, 0x00000006cdf80000, 0x000000076b300000)
  object space 204288K, 87% used [0x00000006c1800000,0x00000006cc664c98,0x00000006cdf80000)
 Metaspace       used 169604K, capacity 175227K, committed 177024K, reserved 1200128K
  class space    used 25782K, capacity 26932K, committed 27264K, reserved 1048576K
}
Event: 65899.431 GC heap before
{Heap before GC invocations=605 (full 40):
 PSYoungGen      total 111616K, used 7072K [0x000000076b300000, 0x0000000774100000, 0x00000007c0000000)
  eden space 104448K, 0% used [0x000000076b300000,0x000000076b300000,0x0000000771900000)
  from space 7168K, 98% used [0x0000000771900000,0x0000000771fe8000,0x0000000772000000)
  to   space 20480K, 0% used [0x0000000772d00000,0x0000000772d00000,0x0000000774100000)
 ParOldGen       total 204288K, used 178579K [0x00000006c1800000, 0x00000006cdf80000, 0x000000076b300000)
  object space 204288K, 87% used [0x00000006c1800000,0x00000006cc664c98,0x00000006cdf80000)
 Metaspace       used 169604K, capacity 175227K, committed 177024K, reserved 1200128K
  class space    used 25782K, capacity 26932K, committed 27264K, reserved 1048576K
Event: 65900.048 GC heap after
Heap after GC invocations=605 (full 40):
 PSYoungGen      total 111616K, used 0K [0x000000076b300000, 0x0000000774100000, 0x00000007c0000000)
  eden space 104448K, 0% used [0x000000076b300000,0x000000076b300000,0x0000000771900000)
  from space 7168K, 0% used [0x0000000771900000,0x0000000771900000,0x0000000772000000)
  to   space 20480K, 0% used [0x0000000772d00000,0x0000000772d00000,0x0000000774100000)
 ParOldGen       total 204288K, used 105613K [0x00000006c1800000, 0x00000006cdf80000, 0x000000076b300000)
  object space 204288K, 51% used [0x00000006c1800000,0x00000006c7f23508,0x00000006cdf80000)
 Metaspace       used 168694K, capacity 174255K, committed 177024K, reserved 1200128K
  class space    used 25560K, capacity 26696K, committed 27264K, reserved 1048576K
}
Event: 65900.075 GC heap before
{Heap before GC invocations=606 (full 40):
 PSYoungGen      total 111616K, used 34K [0x000000076b300000, 0x0000000774100000, 0x00000007c0000000)
  eden space 104448K, 0% used [0x000000076b300000,0x000000076b3089f0,0x0000000771900000)
  from space 7168K, 0% used [0x0000000771900000,0x0000000771900000,0x0000000772000000)
  to   space 20480K, 0% used [0x0000000772d00000,0x0000000772d00000,0x0000000774100000)
 ParOldGen       total 204288K, used 105613K [0x00000006c1800000, 0x00000006cdf80000, 0x000000076b300000)
  object space 204288K, 51% used [0x00000006c1800000,0x00000006c7f23508,0x00000006cdf80000)
 Metaspace       used 168694K, capacity 174255K, committed 177024K, reserved 1200128K
  class space    used 25560K, capacity 26696K, committed 27264K, reserved 1048576K
Event: 65900.079 GC heap after
Heap after GC invocations=606 (full 40):
 PSYoungGen      total 124416K, used 160K [0x000000076b300000, 0x0000000774200000, 0x00000007c0000000)
  eden space 103936K, 0% used [0x000000076b300000,0x000000076b300000,0x0000000771880000)
  from space 20480K, 0% used [0x0000000772d00000,0x0000000772d28000,0x0000000774100000)
  to   space 20992K, 0% used [0x0000000771880000,0x0000000771880000,0x0000000772d00000)
 ParOldGen       total 204288K, used 105613K [0x00000006c1800000, 0x00000006cdf80000, 0x000000076b300000)
  object space 204288K, 51% used [0x00000006c1800000,0x00000006c7f23508,0x00000006cdf80000)
 Metaspace       used 168694K, capacity 174255K, committed 177024K, reserved 1200128K
  class space    used 25560K, capacity 26696K, committed 27264K, reserved 1048576K
}
Event: 65900.079 GC heap before
{Heap before GC invocations=607 (full 41):
 PSYoungGen      total 124416K, used 160K [0x000000076b300000, 0x0000000774200000, 0x00000007c0000000)
  eden space 103936K, 0% used [0x000000076b300000,0x000000076b300000,0x0000000771880000)
  from space 20480K, 0% used [0x0000000772d00000,0x0000000772d28000,0x0000000774100000)
  to   space 20992K, 0% used [0x0000000771880000,0x0000000771880000,0x0000000772d00000)
 ParOldGen       total 204288K, used 105613K [0x00000006c1800000, 0x00000006cdf80000, 0x000000076b300000)
  object space 204288K, 51% used [0x00000006c1800000,0x00000006c7f23508,0x00000006cdf80000)
 Metaspace       used 168694K, capacity 174255K, committed 177024K, reserved 1200128K
  class space    used 25560K, capacity 26696K, committed 27264K, reserved 1048576K
Event: 65900.503 GC heap after
Heap after GC invocations=607 (full 41):
 PSYoungGen      total 124416K, used 0K [0x000000076b300000, 0x0000000774200000, 0x00000007c0000000)
  eden space 103936K, 0% used [0x000000076b300000,0x000000076b300000,0x0000000771880000)
  from space 20480K, 0% used [0x0000000772d00000,0x0000000772d00000,0x0000000774100000)
  to   space 20992K, 0% used [0x0000000771880000,0x0000000771880000,0x0000000772d00000)
 ParOldGen       total 204288K, used 99502K [0x00000006c1800000, 0x00000006cdf80000, 0x000000076b300000)
  object space 204288K, 48% used [0x00000006c1800000,0x00000006c792ba00,0x00000006cdf80000)
 Metaspace       used 168694K, capacity 174255K, committed 177024K, reserved 1200128K
  class space    used 25560K, capacity 26696K, committed 27264K, reserved 1048576K
}
Event: 65901.700 GC heap before
{Heap before GC invocations=608 (full 41):
 PSYoungGen      total 124416K, used 103934K [0x000000076b300000, 0x0000000774200000, 0x00000007c0000000)
  eden space 103936K, 99% used [0x000000076b300000,0x000000077187f900,0x0000000771880000)
  from space 20480K, 0% used [0x0000000772d00000,0x0000000772d00000,0x0000000774100000)
  to   space 20992K, 0% used [0x0000000771880000,0x0000000771880000,0x0000000772d00000)
 ParOldGen       total 204288K, used 99502K [0x00000006c1800000, 0x00000006cdf80000, 0x000000076b300000)
  object space 204288K, 48% used [0x00000006c1800000,0x00000006c792ba00,0x00000006cdf80000)
 Metaspace       used 168756K, capacity 174357K, committed 177024K, reserved 1200128K
  class space    used 25573K, capacity 26730K, committed 27264K, reserved 1048576K
Event: 65901.709 GC heap after
Heap after GC invocations=608 (full 41):
 PSYoungGen      total 124928K, used 3790K [0x000000076b300000, 0x0000000775500000, 0x00000007c0000000)
  eden space 103936K, 0% used [0x000000076b300000,0x000000076b300000,0x0000000771880000)
  from space 20992K, 18% used [0x0000000771880000,0x0000000771c338b0,0x0000000772d00000)
  to   space 20480K, 0% used [0x0000000774100000,0x0000000774100000,0x0000000775500000)
 ParOldGen       total 204288K, used 99510K [0x00000006c1800000, 0x00000006cdf80000, 0x000000076b300000)
  object space 204288K, 48% used [0x00000006c1800000,0x00000006c792da00,0x00000006cdf80000)
 Metaspace       used 168756K, capacity 174357K, committed 177024K, reserved 1200128K
  class space    used 25573K, capacity 26730K, committed 27264K, reserved 1048576K
}

